<?xml version="1.0" encoding="UTF-8"?>
<!-- Generated by org.testng.reporters.JUnitReportReporter -->
<testsuite hostname="MAVBCP3461" failures="0" tests="1" name="com.selenium.examples.robotExample" time="21.818" errors="0" timestamp="2021-10-09T00:21:57 IST" skipped="0">
  <testcase classname="com.selenium.examples.robotExample" name="logintest" time="21.818"/>
  <system-out/>
</testsuite> <!-- com.selenium.examples.robotExample -->
