<?xml version="1.0" encoding="UTF-8"?>
<!-- Generated by org.testng.reporters.JUnitReportReporter -->
<testsuite hostname="MAVBCP3461" failures="0" tests="2" name="com.selenium.examples.CrossBrowserScript" time="28.669" errors="0" timestamp="2021-10-10T00:41:53 IST" skipped="0">
  <testcase classname="com.selenium.examples.CrossBrowserScript" name="testParameterWithXML" time="15.256"/>
  <system-out/>
  <testcase classname="com.selenium.examples.CrossBrowserScript" name="testParameterWithXML" time="13.413"/>
  <system-out/>
</testsuite> <!-- com.selenium.examples.CrossBrowserScript -->
