<?xml version="1.0" encoding="UTF-8"?>
<!-- Generated by org.testng.reporters.JUnitReportReporter -->
<testsuite hostname="MAVBCP3461" failures="0" tests="1" name="com.selenium.examples.robotExample2" time="40.460" errors="0" timestamp="2021-10-09T00:23:36 IST" skipped="0">
  <testcase classname="com.selenium.examples.robotExample2" name="logintest" time="40.460"/>
  <system-out/>
</testsuite> <!-- com.selenium.examples.robotExample2 -->
