<?xml version="1.0" encoding="UTF-8"?>
<!-- Generated by org.testng.reporters.JUnitReportReporter -->
<testsuite hostname="MAVBCP3461" failures="0" tests="2" name="com.selenium.examples.ParallelTest" time="2.734" errors="0" timestamp="2021-10-10T04:00:13 IST" skipped="0">
  <testcase classname="com.selenium.examples.ParallelTest" name="login_TestCase" time="1.945"/>
  <system-out/>
  <testcase classname="com.selenium.examples.ParallelTest" name="search_TestCase" time="0.789"/>
  <system-out/>
</testsuite> <!-- com.selenium.examples.ParallelTest -->
