<?xml version="1.0" encoding="UTF-8"?>
<!-- Generated by org.testng.reporters.JUnitReportReporter -->
<testsuite hostname="MAVBCP3461" failures="0" tests="1" name="com.selenium.examples.MaxTable" time="2.480" errors="0" timestamp="2021-10-06T22:23:50 IST" skipped="0">
  <testcase classname="com.selenium.examples.MaxTable" name="MaxExample" time="2.480"/>
  <system-out/>
</testsuite> <!-- com.selenium.examples.MaxTable -->
