<?xml version="1.0" encoding="UTF-8"?>
<!-- Generated by org.testng.reporters.JUnitReportReporter -->
<testsuite hostname="MAVBCP3461" failures="0" tests="1" name="com.selenium.examples.RecorderScript" time="23.020" errors="0" timestamp="2021-10-08T14:29:25 IST" skipped="0">
  <testcase classname="com.selenium.examples.RecorderScript" name="testParameterWithXML" time="23.020"/>
  <system-out/>
</testsuite> <!-- com.selenium.examples.RecorderScript -->
