<?xml version="1.0" encoding="UTF-8"?>
<!-- Generated by org.testng.reporters.JUnitReportReporter -->
<testsuite hostname="MAVBCP3461" failures="0" tests="1" name="com.selenium.examples.LoginExample" time="30.950" errors="0" timestamp="2021-10-13T09:45:32 IST" skipped="0">
  <testcase classname="com.selenium.examples.LoginExample" name="logintest" time="30.950"/>
  <system-out/>
</testsuite> <!-- com.selenium.examples.LoginExample -->
