<?xml version="1.0" encoding="UTF-8"?>
<!-- Generated by org.testng.reporters.JUnitReportReporter -->
<testsuite skipped="0" hostname="MAVBCP3461" name="com.selenium.examples.LoginExample" tests="1" failures="0" timestamp="2021-10-13T09:53:22 IST" time="31.941" errors="0">
  <testcase name="logintest" time="31.941" classname="com.selenium.examples.LoginExample"/>
  <system-out/>
</testsuite> <!-- com.selenium.examples.LoginExample -->
